<?xml version="1.0" encoding="UTF-8"?>
<testng-results ignored="0" total="1" passed="1" failed="0" skipped="0">
  <reporter-output>
  </reporter-output>
  <suite started-at="2022-01-27T14:48:20 IST" name="Default suite" finished-at="2022-01-27T14:48:20 IST" duration-ms="84">
    <groups>
    </groups>
    <test started-at="2022-01-27T14:48:20 IST" name="Default test" finished-at="2022-01-27T14:48:20 IST" duration-ms="84">
      <class name="com.crm.dummyTest.DummyDemo">
        <test-method signature="dummyOne()[pri:0, instance:com.crm.dummyTest.DummyDemo@3c22fc4c]" started-at="2022-01-27T14:48:20 IST" name="dummyOne" finished-at="2022-01-27T14:48:20 IST" duration-ms="11" status="PASS">
          <reporter-output>
          </reporter-output>
        </test-method> <!-- dummyOne -->
      </class> <!-- com.crm.dummyTest.DummyDemo -->
    </test> <!-- Default test -->
  </suite> <!-- Default suite -->
</testng-results>
